<?xml version="1.0" encoding="UTF-8" ?>
<testsuite tests="11" failures="0" name="testRunner.TestRunner" time="0.338" errors="0" skipped="9">
  <properties>
    <property name="java.runtime.name" value="Java(TM) SE Runtime Environment"/>
    <property name="sun.boot.library.path" value="C:\Program Files\Java\jre1.8.0_221\bin"/>
    <property name="java.vm.version" value="25.221-b11"/>
    <property name="user.country.format" value="IN"/>
    <property name="java.vm.vendor" value="Oracle Corporation"/>
    <property name="maven.multiModuleProjectDirectory" value="C:\Users\ei11429\eclipse-workspace\TestExercise"/>
    <property name="java.vendor.url" value="http://java.oracle.com/"/>
    <property name="path.separator" value=";"/>
    <property name="guice.disable.misplaced.annotation.check" value="true"/>
    <property name="java.vm.name" value="Java HotSpot(TM) 64-Bit Server VM"/>
    <property name="file.encoding.pkg" value="sun.io"/>
    <property name="user.script" value=""/>
    <property name="user.country" value="US"/>
    <property name="sun.java.launcher" value="SUN_STANDARD"/>
    <property name="sun.os.patch.level" value=""/>
    <property name="java.vm.specification.name" value="Java Virtual Machine Specification"/>
    <property name="user.dir" value="C:\Users\ei11429\eclipse-workspace\TestExercise"/>
    <property name="java.runtime.version" value="1.8.0_221-b11"/>
    <property name="java.awt.graphicsenv" value="sun.awt.Win32GraphicsEnvironment"/>
    <property name="java.endorsed.dirs" value="C:\Program Files\Java\jre1.8.0_221\lib\endorsed"/>
    <property name="os.arch" value="amd64"/>
    <property name="java.io.tmpdir" value="C:\Users\ei11429\AppData\Local\Temp\"/>
    <property name="line.separator" value="
"/>
    <property name="java.vm.specification.vendor" value="Oracle Corporation"/>
    <property name="user.variant" value=""/>
    <property name="os.name" value="Windows 10"/>
    <property name="classworlds.conf" value="C:\Users\ei11429\eclipse-workspace\.metadata\.plugins\org.eclipse.m2e.launching\launches\m2conf547570042340601048.tmp"/>
    <property name="sun.jnu.encoding" value="Cp1252"/>
    <property name="java.library.path" value="C:\Program Files\Java\jre1.8.0_221\bin;C:\Windows\Sun\Java\bin;C:\Windows\system32;C:\Windows;C:/Program Files/Java/jre1.8.0_221/bin/server;C:/Program Files/Java/jre1.8.0_221/bin;C:/Program Files/Java/jre1.8.0_221/lib/amd64;C:\Program Files (x86)\Common Files\Oracle\Java\javapath;C:\Windows\system32;C:\Windows;C:\Windows\System32\Wbem;C:\Windows\System32\WindowsPowerShell\v1.0\;C:\Windows\System32\OpenSSH\;C:\Program Files\Java\jre1.8.0_211\bin;C:\Users\sukhmandeep.kaur\Downloads\android-sdk_r24.0.2-windows\android-sdk-windows\tools\;C:\Users\sukhmandeep.kaur\Downloads\android-sdk_r24.0.2-windows\android-sdk-windows\platform-tools\;C:\Program Files\Java\jdk1.8.0_211\bin;C:\Users\ei11429\Desktop;C:\Program Files\TortoiseGit\bin;C:\Program Files\TortoiseGit\cmd\;C:\Program Files\Git\cmd;C:\Program Files (x86)\Microsoft SQL Server\150\DTS\Binn\;C:\Program Files\nodejs\;C:\Users\ei11429\AppData\Local\Microsoft\WindowsApps;C:\apache-maven-3.6.2\bin;C:\Users\ei11429\AppData\Roaming\npm;C:\Users\sukhmandeep.kaur\Downloads\eclipse-jee-2019-03-R-win32-x86_64\eclipse;;."/>
    <property name="java.specification.name" value="Java Platform API Specification"/>
    <property name="java.class.version" value="52.0"/>
    <property name="sun.management.compiler" value="HotSpot 64-Bit Tiered Compilers"/>
    <property name="os.version" value="10.0"/>
    <property name="user.home" value="C:\Users\ei11429"/>
    <property name="user.timezone" value="Asia/Calcutta"/>
    <property name="java.awt.printerjob" value="sun.awt.windows.WPrinterJob"/>
    <property name="java.specification.version" value="1.8"/>
    <property name="file.encoding" value="Cp1252"/>
    <property name="user.name" value="EI11429"/>
    <property name="java.class.path" value="C:\Users\sukhmandeep.kaur\Downloads\eclipse-jee-2019-03-R-win32-x86_64\eclipse\plugins\org.eclipse.m2e.maven.runtime_1.11.0.20190220-2117\jars\plexus-classworlds-2.5.2.jar"/>
    <property name="java.vm.specification.version" value="1.8"/>
    <property name="sun.arch.data.model" value="64"/>
    <property name="java.home" value="C:\Program Files\Java\jre1.8.0_221"/>
    <property name="sun.java.command" value="org.codehaus.plexus.classworlds.launcher.Launcher -B install"/>
    <property name="java.specification.vendor" value="Oracle Corporation"/>
    <property name="user.language" value="en"/>
    <property name="user.language.format" value="pa"/>
    <property name="awt.toolkit" value="sun.awt.windows.WToolkit"/>
    <property name="java.vm.info" value="mixed mode"/>
    <property name="java.version" value="1.8.0_221"/>
    <property name="java.ext.dirs" value="C:\Program Files\Java\jre1.8.0_221\lib\ext;C:\Windows\Sun\Java\lib\ext"/>
    <property name="sun.boot.class.path" value="C:\Program Files\Java\jre1.8.0_221\lib\resources.jar;C:\Program Files\Java\jre1.8.0_221\lib\rt.jar;C:\Program Files\Java\jre1.8.0_221\lib\jsse.jar;C:\Program Files\Java\jre1.8.0_221\lib\jce.jar;C:\Program Files\Java\jre1.8.0_221\lib\charsets.jar;C:\Program Files\Java\jre1.8.0_221\lib\jfr.jar;C:\Program Files\Java\jdk1.8.0_211\lib\tools.jar"/>
    <property name="java.vendor" value="Oracle Corporation"/>
    <property name="maven.home" value="C:\Users\ei11429\eclipse-workspace\TestExercise\EMBEDDED"/>
    <property name="file.separator" value="\"/>
    <property name="java.vendor.url.bug" value="http://bugreport.sun.com/bugreport/"/>
    <property name="sun.cpu.endian" value="little"/>
    <property name="sun.io.unicode.encoding" value="UnicodeLittle"/>
    <property name="sun.desktop" value="windows"/>
    <property name="sun.cpu.isalist" value="amd64"/>
  </properties>
  <testcase classname="Scenario: Delete a Booking" name="Given I have navigated to Hotel Booking Form" time="0.059">
    <skipped/>
  </testcase>
  <testcase classname="Scenario: Delete a Booking" name="When I click on delete button for first booking" time="0.059">
    <skipped/>
  </testcase>
  <testcase classname="Scenario: Delete a Booking" name="Then That Booking should be deleted" time="0.059">
    <skipped/>
  </testcase>
  <testcase classname="Scenario: Delete a Booking" name="Scenario: Delete a Booking" time="0.059">
    <skipped/>
  </testcase>
  <testcase classname="Scenario: Delete a Booking" name="Scenario: Delete a Booking" time="0.06"/>
  <testcase classname="Scenario: Create a new Booking" name="Given I have navigated to Hotel Booking Form" time="0.007">
    <skipped/>
  </testcase>
  <testcase classname="Scenario: Create a new Booking" name="When I enter required values in all fields" time="0.007">
    <skipped/>
  </testcase>
  <testcase classname="Scenario: Create a new Booking" name="And click on Save Button" time="0.007">
    <skipped/>
  </testcase>
  <testcase classname="Scenario: Create a new Booking" name="Then New Booking should be created" time="0.007">
    <skipped/>
  </testcase>
  <testcase classname="Scenario: Create a new Booking" name="Scenario: Create a new Booking" time="0.007">
    <skipped/>
  </testcase>
  <testcase classname="Scenario: Create a new Booking" name="Scenario: Create a new Booking" time="0.007"/>
</testsuite>